<?xml version="1.0" encoding="UTF-8"?>
<!-- Generated by org.testng.reporters.JUnitReportReporter -->
<testsuite hostname="Sai-PC" name="com.TestScript.com.MobileTest" tests="1" failures="0" timestamp="18 Aug 2019 11:12:34 GMT" time="9.528" errors="0">
  <testcase name="mobilelistTest" time="9.528" classname="com.TestScript.com.MobileTest"/>
</testsuite> <!-- com.TestScript.com.MobileTest -->
