<?xml version="1.0" encoding="UTF-8"?>
<!-- Generated by org.testng.reporters.JUnitReportReporter -->
<testsuite hostname="Sai-PC" name="pattern.web" tests="2" failures="0" timestamp="21 Feb 2019 19:11:52 GMT" time="0.010" errors="0">
  <testcase name="configTest8" time="0.002" classname="pattern.web"/>
  <testcase name="configTest3" time="0.008" classname="pattern.web"/>
</testsuite> <!-- pattern.web -->
