<?xml version="1.0" encoding="UTF-8"?>
<!-- Generated by org.testng.reporters.JUnitReportReporter -->
<testsuite hostname="Sai-PC" name="interview_Question1.testng_annotation" tests="1" failures="0" timestamp="6 Mar 2019 08:10:45 GMT" time="0.010" errors="0">
  <testcase name="testCase2" time="0.010" classname="interview_Question1.testng_annotation"/>
</testsuite> <!-- interview_Question1.testng_annotation -->
