<?xml version="1.0" encoding="UTF-8"?>
<!-- Generated by org.testng.reporters.JUnitReportReporter -->
<testsuite skipped="0" hostname="Sai-PC" name="com.api.project.Api_Testing" tests="1" failures="0" timestamp="26 Feb 2019 11:09:10 GMT" time="2.297" errors="0">
  <testcase name="getWeatherReportTest" time="2.297" classname="com.api.project.Api_Testing"/>
</testsuite> <!-- com.api.project.Api_Testing -->
