<?xml version="1.0" encoding="UTF-8"?>
<!-- Generated by org.testng.reporters.JUnitReportReporter -->
<testsuite skipped="0" hostname="Sai-PC" name="com.TestScript.com.main" tests="1" failures="0" timestamp="26 Jun 2019 18:22:40 GMT" time="0.008" errors="0">
  <testcase name="nhhh" time="0.008" classname="com.TestScript.com.main"/>
</testsuite> <!-- com.TestScript.com.main -->
