<?xml version="1.0" encoding="UTF-8"?>
<!-- Generated by org.testng.reporters.JUnitReportReporter -->
<testsuite hostname="Sai-PC" name="com.actiTime.login.ActitimeCreateNewCustomerTest" tests="1" failures="0" timestamp="16 Dec 2018 10:23:21 GMT" time="16.097" errors="0">
  <testcase name="CreateNewCustomerTes" time="16.097" classname="com.actiTime.login.ActitimeCreateNewCustomerTest"/>
</testsuite> <!-- com.actiTime.login.ActitimeCreateNewCustomerTest -->
