<?xml version="1.0" encoding="UTF-8"?>
<!-- Generated by org.testng.reporters.JUnitReportReporter -->
<testsuite hostname="Sai-PC" name="com.actiTime.login.ActitimeCreateNewCustomer_Randomly" tests="1" failures="0" timestamp="16 Dec 2018 10:23:21 GMT" time="22.244" errors="0">
  <testcase name="CreateNewCustomer_Randomly" time="22.244" classname="com.actiTime.login.ActitimeCreateNewCustomer_Randomly"/>
</testsuite> <!-- com.actiTime.login.ActitimeCreateNewCustomer_Randomly -->
