<?xml version="1.0" encoding="UTF-8"?>
<!-- Generated by org.testng.reporters.JUnitReportReporter -->
<testsuite hostname="Sai-PC" name="window_handling_selenium.Alert_window" tests="1" failures="0" timestamp="12 Dec 2018 19:15:52 GMT" time="13.572" errors="0">
  <testcase name="mainTest" time="13.572" classname="window_handling_selenium.Alert_window"/>
</testsuite> <!-- window_handling_selenium.Alert_window -->
