<?xml version="1.0" encoding="UTF-8"?>
<!-- Generated by org.testng.reporters.JUnitReportReporter -->
<testsuite hostname="Sai-PC" name="window_handling_selenium.Windows_Handles_Multiple" tests="1" failures="0" timestamp="13 Dec 2018 18:10:10 GMT" time="17.290" errors="0">
  <testcase name="windowcontrolTest" time="17.290" classname="window_handling_selenium.Windows_Handles_Multiple"/>
</testsuite> <!-- window_handling_selenium.Windows_Handles_Multiple -->
